<?xml version="1.0" encoding="UTF-8"?>
<testsuite xmlns:xsi="http://www.w3.org/2001/XMLSchema-instance" xsi:noNamespaceSchemaLocation="https://maven.apache.org/surefire/maven-failsafe-plugin/xsd/failsafe-test-report-3.0.xsd" version="3.0" name="com.lambdatest.cucumber.SingleTest" time="444.534" tests="11" errors="1" skipped="0" failures="0">
  <properties>
    <property name="java.specification.version" value="13"/>
    <property name="sun.jnu.encoding" value="UTF-8"/>
    <property name="java.class.path" value="/Users/tapan.khimani/eclipse-workspace/Android/Serenity-Selenium-Demo/target/test-classes:/Users/tapan.khimani/eclipse-workspace/Android/Serenity-Selenium-Demo/target/serenity-lambdatest-0.0.1-SNAPSHOT.jar:/Users/tapan.khimani/.m2/repository/org/eclipse/jetty/jetty-io/9.4.12.v20180830/jetty-io-9.4.12.v20180830.jar:/Users/tapan.khimani/.m2/repository/org/eclipse/jetty/jetty-util/9.4.12.v20180830/jetty-util-9.4.12.v20180830.jar:/Users/tapan.khimani/.m2/repository/net/serenity-bdd/serenity-core/2.0.48/serenity-core-2.0.48.jar:/Users/tapan.khimani/.m2/repository/net/bytebuddy/byte-buddy/1.9.12/byte-buddy-1.9.12.jar:/Users/tapan.khimani/.m2/repository/net/bytebuddy/byte-buddy-agent/1.9.12/byte-buddy-agent-1.9.12.jar:/Users/tapan.khimani/.m2/repository/com/google/guava/guava/25.0-jre/guava-25.0-jre.jar:/Users/tapan.khimani/.m2/repository/com/google/code/findbugs/jsr305/1.3.9/jsr305-1.3.9.jar:/Users/tapan.khimani/.m2/repository/org/checkerframework/checker-compat-qual/2.0.0/checker-compat-qual-2.0.0.jar:/Users/tapan.khimani/.m2/repository/com/google/errorprone/error_prone_annotations/2.1.3/error_prone_annotations-2.1.3.jar:/Users/tapan.khimani/.m2/repository/com/google/j2objc/j2objc-annotations/1.1/j2objc-annotations-1.1.jar:/Users/tapan.khimani/.m2/repository/org/codehaus/mojo/animal-sniffer-annotations/1.14/animal-sniffer-annotations-1.14.jar:/Users/tapan.khimani/.m2/repository/com/google/inject/guice/4.2.2/guice-4.2.2.jar:/Users/tapan.khimani/.m2/repository/javax/inject/javax.inject/1/javax.inject-1.jar:/Users/tapan.khimani/.m2/repository/aopalliance/aopalliance/1.0/aopalliance-1.0.jar:/Users/tapan.khimani/.m2/repository/cglib/cglib/3.2.5/cglib-3.2.5.jar:/Users/tapan.khimani/.m2/repository/org/ow2/asm/asm/5.0.3/asm-5.0.3.jar:/Users/tapan.khimani/.m2/repository/commons-codec/commons-codec/1.10/commons-codec-1.10.jar:/Users/tapan.khimani/.m2/repository/org/objenesis/objenesis/2.6/objenesis-2.6.jar:/Users/tapan.khimani/.m2/repository/org/slf4j/slf4j-api/1.7.25/slf4j-api-1.7.25.jar:/Users/tapan.khimani/.m2/repository/xml-apis/xml-apis/1.4.01/xml-apis-1.4.01.jar:/Users/tapan.khimani/.m2/repository/io/cucumber/cucumber-core/2.4.0/cucumber-core-2.4.0.jar:/Users/tapan.khimani/.m2/repository/info/cukes/cucumber-html/0.2.6/cucumber-html-0.2.6.jar:/Users/tapan.khimani/.m2/repository/io/cucumber/cucumber-jvm-deps/1.0.6/cucumber-jvm-deps-1.0.6.jar:/Users/tapan.khimani/.m2/repository/io/cucumber/gherkin/5.0.0/gherkin-5.0.0.jar:/Users/tapan.khimani/.m2/repository/io/cucumber/tag-expressions/1.1.1/tag-expressions-1.1.1.jar:/Users/tapan.khimani/.m2/repository/commons-logging/commons-logging/1.2/commons-logging-1.2.jar:/Users/tapan.khimani/.m2/repository/io/vavr/vavr/0.9.0/vavr-0.9.0.jar:/Users/tapan.khimani/.m2/repository/io/vavr/vavr-match/0.9.0/vavr-match-0.9.0.jar:/Users/tapan.khimani/.m2/repository/javax/xml/bind/jaxb-api/2.2.12/jaxb-api-2.2.12.jar:/Users/tapan.khimani/.m2/repository/com/sun/xml/bind/jaxb-core/2.3.0.1/jaxb-core-2.3.0.1.jar:/Users/tapan.khimani/.m2/repository/com/sun/xml/bind/jaxb-impl/2.3.0.1/jaxb-impl-2.3.0.1.jar:/Users/tapan.khimani/.m2/repository/javax/activation/activation/1.1.1/activation-1.1.1.jar:/Users/tapan.khimani/.m2/repository/org/mockito/mockito-core/2.25.0/mockito-core-2.25.0.jar:/Users/tapan.khimani/.m2/repository/net/serenity-bdd/serenity-report-resources/2.0.48/serenity-report-resources-2.0.48.jar:/Users/tapan.khimani/.m2/repository/net/serenity-bdd/serenity-model/2.0.48/serenity-model-2.0.48.jar:/Users/tapan.khimani/.m2/repository/commons-net/commons-net/3.6/commons-net-3.6.jar:/Users/tapan.khimani/.m2/repository/org/apache/commons/commons-text/1.6/commons-text-1.6.jar:/Users/tapan.khimani/.m2/repository/net/serenity-bdd/serenity-reports/2.0.48/serenity-reports-2.0.48.jar:/Users/tapan.khimani/.m2/repository/net/serenity-bdd/serenity-stats/2.0.48/serenity-stats-2.0.48.jar:/Users/tapan.khimani/.m2/repository/org/jetbrains/kotlin/kotlin-stdlib/1.2.51/kotlin-stdlib-1.2.51.jar:/Users/tapan.khimani/.m2/repository/org/jetbrains/kotlin/kotlin-stdlib-common/1.2.51/kotlin-stdlib-common-1.2.51.jar:/Users/tapan.khimani/.m2/repository/org/jetbrains/annotations/13.0/annotations-13.0.jar:/Users/tapan.khimani/.m2/repository/com/google/code/gson/gson/2.8.4/gson-2.8.4.jar:/Users/tapan.khimani/.m2/repository/commons-io/commons-io/2.6/commons-io-2.6.jar:/Users/tapan.khimani/.m2/repository/org/seleniumhq/selenium/selenium-server/3.141.59/selenium-server-3.141.59.jar:/Users/tapan.khimani/.m2/repository/org/seleniumhq/selenium/selenium-firefox-driver/3.141.59/selenium-firefox-driver-3.141.59.jar:/Users/tapan.khimani/.m2/repository/org/seleniumhq/selenium/selenium-ie-driver/3.141.59/selenium-ie-driver-3.141.59.jar:/Users/tapan.khimani/.m2/repository/com/beust/jcommander/1.72/jcommander-1.72.jar:/Users/tapan.khimani/.m2/repository/org/apache/commons/commons-exec/1.3/commons-exec-1.3.jar:/Users/tapan.khimani/.m2/repository/net/jcip/jcip-annotations/1.0/jcip-annotations-1.0.jar:/Users/tapan.khimani/.m2/repository/org/seleniumhq/selenium/jetty-repacked/9.4.12.v20180830/jetty-repacked-9.4.12.v20180830.jar:/Users/tapan.khimani/.m2/repository/com/squareup/okhttp3/okhttp/3.11.0/okhttp-3.11.0.jar:/Users/tapan.khimani/.m2/repository/com/squareup/okio/okio/1.14.0/okio-1.14.0.jar:/Users/tapan.khimani/.m2/repository/javax/servlet/javax.servlet-api/3.1.0/javax.servlet-api-3.1.0.jar:/Users/tapan.khimani/.m2/repository/org/yaml/snakeyaml/1.19/snakeyaml-1.19.jar:/Users/tapan.khimani/.m2/repository/org/seleniumhq/selenium/selenium-java/3.141.59/selenium-java-3.141.59.jar:/Users/tapan.khimani/.m2/repository/org/seleniumhq/selenium/selenium-api/3.141.59/selenium-api-3.141.59.jar:/Users/tapan.khimani/.m2/repository/org/seleniumhq/selenium/selenium-chrome-driver/3.141.59/selenium-chrome-driver-3.141.59.jar:/Users/tapan.khimani/.m2/repository/org/seleniumhq/selenium/selenium-edge-driver/3.141.59/selenium-edge-driver-3.141.59.jar:/Users/tapan.khimani/.m2/repository/org/seleniumhq/selenium/selenium-remote-driver/3.141.59/selenium-remote-driver-3.141.59.jar:/Users/tapan.khimani/.m2/repository/org/seleniumhq/selenium/selenium-safari-driver/3.141.59/selenium-safari-driver-3.141.59.jar:/Users/tapan.khimani/.m2/repository/org/seleniumhq/selenium/selenium-opera-driver/3.141.59/selenium-opera-driver-3.141.59.jar:/Users/tapan.khimani/.m2/repository/org/seleniumhq/selenium/selenium-support/3.141.59/selenium-support-3.141.59.jar:/Users/tapan.khimani/.m2/repository/com/paulhammant/ngwebdriver/1.1.4/ngwebdriver-1.1.4.jar:/Users/tapan.khimani/.m2/repository/com/codeborne/phantomjsdriver/1.4.4/phantomjsdriver-1.4.4.jar:/Users/tapan.khimani/.m2/repository/org/seleniumhq/selenium/htmlunit-driver/2.33.1/htmlunit-driver-2.33.1.jar:/Users/tapan.khimani/.m2/repository/io/appium/java-client/6.1.0/java-client-6.1.0.jar:/Users/tapan.khimani/.m2/repository/commons-validator/commons-validator/1.6/commons-validator-1.6.jar:/Users/tapan.khimani/.m2/repository/commons-beanutils/commons-beanutils/1.9.2/commons-beanutils-1.9.2.jar:/Users/tapan.khimani/.m2/repository/commons-digester/commons-digester/1.8.1/commons-digester-1.8.1.jar:/Users/tapan.khimani/.m2/repository/org/springframework/spring-context/5.0.5.RELEASE/spring-context-5.0.5.RELEASE.jar:/Users/tapan.khimani/.m2/repository/org/springframework/spring-aop/5.0.5.RELEASE/spring-aop-5.0.5.RELEASE.jar:/Users/tapan.khimani/.m2/repository/org/springframework/spring-beans/5.0.5.RELEASE/spring-beans-5.0.5.RELEASE.jar:/Users/tapan.khimani/.m2/repository/org/springframework/spring-core/5.0.5.RELEASE/spring-core-5.0.5.RELEASE.jar:/Users/tapan.khimani/.m2/repository/org/springframework/spring-jcl/5.0.5.RELEASE/spring-jcl-5.0.5.RELEASE.jar:/Users/tapan.khimani/.m2/repository/org/springframework/spring-expression/5.0.5.RELEASE/spring-expression-5.0.5.RELEASE.jar:/Users/tapan.khimani/.m2/repository/org/aspectj/aspectjweaver/1.9.1/aspectjweaver-1.9.1.jar:/Users/tapan.khimani/.m2/repository/org/openpnp/opencv/3.2.0-1/opencv-3.2.0-1.jar:/Users/tapan.khimani/.m2/repository/org/glassfish/tyrus/tyrus-core/1.13.1/tyrus-core-1.13.1.jar:/Users/tapan.khimani/.m2/repository/org/glassfish/tyrus/tyrus-spi/1.13.1/tyrus-spi-1.13.1.jar:/Users/tapan.khimani/.m2/repository/javax/websocket/javax.websocket-api/1.1/javax.websocket-api-1.1.jar:/Users/tapan.khimani/.m2/repository/org/codehaus/groovy/groovy/2.5.5/groovy-2.5.5.jar:/Users/tapan.khimani/.m2/repository/net/sf/opencsv/opencsv/2.0/opencsv-2.0.jar:/Users/tapan.khimani/.m2/repository/commons-beanutils/commons-beanutils-core/1.8.3/commons-beanutils-core-1.8.3.jar:/Users/tapan.khimani/.m2/repository/joda-time/joda-time/2.7/joda-time-2.7.jar:/Users/tapan.khimani/.m2/repository/com/thoughtworks/xstream/xstream/1.4.9/xstream-1.4.9.jar:/Users/tapan.khimani/.m2/repository/xmlpull/xmlpull/1.1.3.1/xmlpull-1.1.3.1.jar:/Users/tapan.khimani/.m2/repository/xpp3/xpp3_min/1.1.4c/xpp3_min-1.1.4c.jar:/Users/tapan.khimani/.m2/repository/org/apache/commons/commons-lang3/3.8.1/commons-lang3-3.8.1.jar:/Users/tapan.khimani/.m2/repository/commons-collections/commons-collections/3.2.2/commons-collections-3.2.2.jar:/Users/tapan.khimani/.m2/repository/org/freemarker/freemarker/2.3.28/freemarker-2.3.28.jar:/Users/tapan.khimani/.m2/repository/net/sourceforge/jexcelapi/jxl/2.6.12/jxl-2.6.12.jar:/Users/tapan.khimani/.m2/repository/org/hamcrest/hamcrest-core/1.3/hamcrest-core-1.3.jar:/Users/tapan.khimani/.m2/repository/org/hamcrest/hamcrest-library/1.3/hamcrest-library-1.3.jar:/Users/tapan.khimani/.m2/repository/net/sourceforge/htmlunit/htmlunit/2.33/htmlunit-2.33.jar:/Users/tapan.khimani/.m2/repository/net/sourceforge/htmlunit/htmlunit-core-js/2.33/htmlunit-core-js-2.33.jar:/Users/tapan.khimani/.m2/repository/net/sourceforge/htmlunit/neko-htmlunit/2.33/neko-htmlunit-2.33.jar:/Users/tapan.khimani/.m2/repository/xerces/xercesImpl/2.12.0/xercesImpl-2.12.0.jar:/Users/tapan.khimani/.m2/repository/net/sourceforge/htmlunit/htmlunit-cssparser/1.2.0/htmlunit-cssparser-1.2.0.jar:/Users/tapan.khimani/.m2/repository/org/eclipse/jetty/websocket/websocket-client/9.4.12.v20180830/websocket-client-9.4.12.v20180830.jar:/Users/tapan.khimani/.m2/repository/org/eclipse/jetty/jetty-client/9.4.12.v20180830/jetty-client-9.4.12.v20180830.jar:/Users/tapan.khimani/.m2/repository/org/eclipse/jetty/jetty-http/9.4.12.v20180830/jetty-http-9.4.12.v20180830.jar:/Users/tapan.khimani/.m2/repository/org/eclipse/jetty/jetty-xml/9.4.12.v20180830/jetty-xml-9.4.12.v20180830.jar:/Users/tapan.khimani/.m2/repository/org/eclipse/jetty/websocket/websocket-common/9.4.12.v20180830/websocket-common-9.4.12.v20180830.jar:/Users/tapan.khimani/.m2/repository/org/eclipse/jetty/websocket/websocket-api/9.4.12.v20180830/websocket-api-9.4.12.v20180830.jar:/Users/tapan.khimani/.m2/repository/org/apache/httpcomponents/httpclient/4.5.5/httpclient-4.5.5.jar:/Users/tapan.khimani/.m2/repository/org/apache/httpcomponents/httpcore/4.4.9/httpcore-4.4.9.jar:/Users/tapan.khimani/.m2/repository/org/apache/httpcomponents/httpmime/4.5.5/httpmime-4.5.5.jar:/Users/tapan.khimani/.m2/repository/org/fluentlenium/fluentlenium-core/0.10.2/fluentlenium-core-0.10.2.jar:/Users/tapan.khimani/.m2/repository/com/jhlabs/filters/2.0.235/filters-2.0.235.jar:/Users/tapan.khimani/.m2/repository/org/asciidoctor/asciidoctorj/1.5.6/asciidoctorj-1.5.6.jar:/Users/tapan.khimani/.m2/repository/org/jruby/jruby-complete/1.7.26/jruby-complete-1.7.26.jar:/Users/tapan.khimani/.m2/repository/org/imgscalr/imgscalr-lib/4.2/imgscalr-lib-4.2.jar:/Users/tapan.khimani/.m2/repository/javax/el/javax.el-api/2.2.4/javax.el-api-2.2.4.jar:/Users/tapan.khimani/.m2/repository/org/glassfish/web/javax.el/2.2.4/javax.el-2.2.4.jar:/Users/tapan.khimani/.m2/repository/xalan/xalan/2.7.2/xalan-2.7.2.jar:/Users/tapan.khimani/.m2/repository/xalan/serializer/2.7.2/serializer-2.7.2.jar:/Users/tapan.khimani/.m2/repository/org/awaitility/awaitility/3.1.0/awaitility-3.1.0.jar:/Users/tapan.khimani/.m2/repository/com/typesafe/config/1.3.1/config-1.3.1.jar:/Users/tapan.khimani/.m2/repository/org/jsoup/jsoup/1.10.3/jsoup-1.10.3.jar:/Users/tapan.khimani/.m2/repository/com/google/jimfs/jimfs/1.1/jimfs-1.1.jar:/Users/tapan.khimani/.m2/repository/es/nitaur/markdown/txtmark/0.16/txtmark-0.16.jar:/Users/tapan.khimani/.m2/repository/com/vladsch/flexmark/flexmark-all/0.34.30/flexmark-all-0.34.30.jar:/Users/tapan.khimani/.m2/repository/com/vladsch/flexmark/flexmark/0.34.30/flexmark-0.34.30.jar:/Users/tapan.khimani/.m2/repository/com/vladsch/flexmark/flexmark-ext-abbreviation/0.34.30/flexmark-ext-abbreviation-0.34.30.jar:/Users/tapan.khimani/.m2/repository/com/vladsch/flexmark/flexmark-ext-admonition/0.34.30/flexmark-ext-admonition-0.34.30.jar:/Users/tapan.khimani/.m2/repository/com/vladsch/flexmark/flexmark-ext-anchorlink/0.34.30/flexmark-ext-anchorlink-0.34.30.jar:/Users/tapan.khimani/.m2/repository/com/vladsch/flexmark/flexmark-ext-aside/0.34.30/flexmark-ext-aside-0.34.30.jar:/Users/tapan.khimani/.m2/repository/com/vladsch/flexmark/flexmark-ext-attributes/0.34.30/flexmark-ext-attributes-0.34.30.jar:/Users/tapan.khimani/.m2/repository/com/vladsch/flexmark/flexmark-ext-autolink/0.34.30/flexmark-ext-autolink-0.34.30.jar:/Users/tapan.khimani/.m2/repository/org/nibor/autolink/autolink/0.6.0/autolink-0.6.0.jar:/Users/tapan.khimani/.m2/repository/com/vladsch/flexmark/flexmark-ext-definition/0.34.30/flexmark-ext-definition-0.34.30.jar:/Users/tapan.khimani/.m2/repository/com/vladsch/flexmark/flexmark-ext-emoji/0.34.30/flexmark-ext-emoji-0.34.30.jar:/Users/tapan.khimani/.m2/repository/com/vladsch/flexmark/flexmark-ext-enumerated-reference/0.34.30/flexmark-ext-enumerated-reference-0.34.30.jar:/Users/tapan.khimani/.m2/repository/com/vladsch/flexmark/flexmark-ext-escaped-character/0.34.30/flexmark-ext-escaped-character-0.34.30.jar:/Users/tapan.khimani/.m2/repository/com/vladsch/flexmark/flexmark-ext-footnotes/0.34.30/flexmark-ext-footnotes-0.34.30.jar:/Users/tapan.khimani/.m2/repository/com/vladsch/flexmark/flexmark-ext-gfm-issues/0.34.30/flexmark-ext-gfm-issues-0.34.30.jar:/Users/tapan.khimani/.m2/repository/com/vladsch/flexmark/flexmark-ext-gfm-strikethrough/0.34.30/flexmark-ext-gfm-strikethrough-0.34.30.jar:/Users/tapan.khimani/.m2/repository/com/vladsch/flexmark/flexmark-ext-gfm-tables/0.34.30/flexmark-ext-gfm-tables-0.34.30.jar:/Users/tapan.khimani/.m2/repository/com/vladsch/flexmark/flexmark-ext-gfm-tasklist/0.34.30/flexmark-ext-gfm-tasklist-0.34.30.jar:/Users/tapan.khimani/.m2/repository/com/vladsch/flexmark/flexmark-ext-gfm-users/0.34.30/flexmark-ext-gfm-users-0.34.30.jar:/Users/tapan.khimani/.m2/repository/com/vladsch/flexmark/flexmark-ext-gitlab/0.34.30/flexmark-ext-gitlab-0.34.30.jar:/Users/tapan.khimani/.m2/repository/com/vladsch/flexmark/flexmark-ext-jekyll-front-matter/0.34.30/flexmark-ext-jekyll-front-matter-0.34.30.jar:/Users/tapan.khimani/.m2/repository/com/vladsch/flexmark/flexmark-ext-jekyll-tag/0.34.30/flexmark-ext-jekyll-tag-0.34.30.jar:/Users/tapan.khimani/.m2/repository/com/vladsch/flexmark/flexmark-ext-media-tags/0.34.30/flexmark-ext-media-tags-0.34.30.jar:/Users/tapan.khimani/.m2/repository/com/vladsch/flexmark/flexmark-test-util/0.34.30/flexmark-test-util-0.34.30.jar:/Users/tapan.khimani/.m2/repository/com/vladsch/flexmark/flexmark-ext-ins/0.34.30/flexmark-ext-ins-0.34.30.jar:/Users/tapan.khimani/.m2/repository/com/vladsch/flexmark/flexmark-ext-xwiki-macros/0.34.30/flexmark-ext-xwiki-macros-0.34.30.jar:/Users/tapan.khimani/.m2/repository/com/vladsch/flexmark/flexmark-ext-superscript/0.34.30/flexmark-ext-superscript-0.34.30.jar:/Users/tapan.khimani/.m2/repository/com/vladsch/flexmark/flexmark-ext-tables/0.34.30/flexmark-ext-tables-0.34.30.jar:/Users/tapan.khimani/.m2/repository/com/vladsch/flexmark/flexmark-ext-toc/0.34.30/flexmark-ext-toc-0.34.30.jar:/Users/tapan.khimani/.m2/repository/com/vladsch/flexmark/flexmark-ext-typographic/0.34.30/flexmark-ext-typographic-0.34.30.jar:/Users/tapan.khimani/.m2/repository/com/vladsch/flexmark/flexmark-ext-wikilink/0.34.30/flexmark-ext-wikilink-0.34.30.jar:/Users/tapan.khimani/.m2/repository/com/vladsch/flexmark/flexmark-ext-yaml-front-matter/0.34.30/flexmark-ext-yaml-front-matter-0.34.30.jar:/Users/tapan.khimani/.m2/repository/com/vladsch/flexmark/flexmark-ext-youtube-embedded/0.34.30/flexmark-ext-youtube-embedded-0.34.30.jar:/Users/tapan.khimani/.m2/repository/com/vladsch/flexmark/flexmark-formatter/0.34.30/flexmark-formatter-0.34.30.jar:/Users/tapan.khimani/.m2/repository/com/vladsch/flexmark/flexmark-html-parser/0.34.30/flexmark-html-parser-0.34.30.jar:/Users/tapan.khimani/.m2/repository/com/vladsch/flexmark/flexmark-jira-converter/0.34.30/flexmark-jira-converter-0.34.30.jar:/Users/tapan.khimani/.m2/repository/com/vladsch/flexmark/flexmark-pdf-converter/0.34.30/flexmark-pdf-converter-0.34.30.jar:/Users/tapan.khimani/.m2/repository/com/openhtmltopdf/openhtmltopdf-core/0.0.1-RC13/openhtmltopdf-core-0.0.1-RC13.jar:/Users/tapan.khimani/.m2/repository/com/openhtmltopdf/openhtmltopdf-pdfbox/0.0.1-RC13/openhtmltopdf-pdfbox-0.0.1-RC13.jar:/Users/tapan.khimani/.m2/repository/org/apache/pdfbox/pdfbox/2.0.8/pdfbox-2.0.8.jar:/Users/tapan.khimani/.m2/repository/org/apache/pdfbox/fontbox/2.0.8/fontbox-2.0.8.jar:/Users/tapan.khimani/.m2/repository/org/apache/pdfbox/xmpbox/2.0.8/xmpbox-2.0.8.jar:/Users/tapan.khimani/.m2/repository/de/rototor/pdfbox/graphics2d/0.12/graphics2d-0.12.jar:/Users/tapan.khimani/.m2/repository/com/openhtmltopdf/openhtmltopdf-rtl-support/0.0.1-RC13/openhtmltopdf-rtl-support-0.0.1-RC13.jar:/Users/tapan.khimani/.m2/repository/com/ibm/icu/icu4j/59.1/icu4j-59.1.jar:/Users/tapan.khimani/.m2/repository/com/openhtmltopdf/openhtmltopdf-jsoup-dom-converter/0.0.1-RC13/openhtmltopdf-jsoup-dom-converter-0.0.1-RC13.jar:/Users/tapan.khimani/.m2/repository/com/vladsch/flexmark/flexmark-profile-pegdown/0.34.30/flexmark-profile-pegdown-0.34.30.jar:/Users/tapan.khimani/.m2/repository/com/vladsch/flexmark/flexmark-util/0.34.30/flexmark-util-0.34.30.jar:/Users/tapan.khimani/.m2/repository/com/vladsch/flexmark/flexmark-youtrack-converter/0.34.30/flexmark-youtrack-converter-0.34.30.jar:/Users/tapan.khimani/.m2/repository/net/serenity-bdd/serenity-junit/2.0.48/serenity-junit-2.0.48.jar:/Users/tapan.khimani/.m2/repository/net/serenity-bdd/serenity-rest-assured/2.0.48/serenity-rest-assured-2.0.48.jar:/Users/tapan.khimani/.m2/repository/io/rest-assured/rest-assured/3.3.0/rest-assured-3.3.0.jar:/Users/tapan.khimani/.m2/repository/org/ccil/cowan/tagsoup/tagsoup/1.2.1/tagsoup-1.2.1.jar:/Users/tapan.khimani/.m2/repository/io/rest-assured/json-path/3.3.0/json-path-3.3.0.jar:/Users/tapan.khimani/.m2/repository/io/rest-assured/rest-assured-common/3.3.0/rest-assured-common-3.3.0.jar:/Users/tapan.khimani/.m2/repository/io/rest-assured/xml-path/3.3.0/xml-path-3.3.0.jar:/Users/tapan.khimani/.m2/repository/com/sun/xml/bind/jaxb-osgi/2.2.10/jaxb-osgi-2.2.10.jar:/Users/tapan.khimani/.m2/repository/org/apache/sling/org.apache.sling.javax.activation/0.1.0/org.apache.sling.javax.activation-0.1.0.jar:/Users/tapan.khimani/.m2/repository/org/codehaus/groovy/groovy-xml/2.5.5/groovy-xml-2.5.5.jar:/Users/tapan.khimani/.m2/repository/org/codehaus/groovy/groovy-json/2.5.5/groovy-json-2.5.5.jar:/Users/tapan.khimani/.m2/repository/net/serenity-bdd/serenity-cucumber/1.9.37/serenity-cucumber-1.9.37.jar:/Users/tapan.khimani/.m2/repository/net/serenity-bdd/serenity-screenplay/2.0.48/serenity-screenplay-2.0.48.jar:/Users/tapan.khimani/.m2/repository/uk/com/robust-it/cloning/1.9.10/cloning-1.9.10.jar:/Users/tapan.khimani/.m2/repository/net/serenity-bdd/serenity-screenplay-webdriver/2.0.48/serenity-screenplay-webdriver-2.0.48.jar:/Users/tapan.khimani/.m2/repository/io/cucumber/cucumber-java/2.4.0/cucumber-java-2.4.0.jar:/Users/tapan.khimani/.m2/repository/io/cucumber/cucumber-junit/2.4.0/cucumber-junit-2.4.0.jar:/Users/tapan.khimani/.m2/repository/org/apache/commons/commons-csv/1.5/commons-csv-1.5.jar:/Users/tapan.khimani/.m2/repository/org/slf4j/slf4j-simple/1.6.1/slf4j-simple-1.6.1.jar:/Users/tapan.khimani/.m2/repository/org/codehaus/groovy/groovy-all/1.8.6/groovy-all-1.8.6.jar:/Users/tapan.khimani/.m2/repository/junit/junit/4.12/junit-4.12.jar:/Users/tapan.khimani/.m2/repository/com/googlecode/lambdaj/lambdaj/2.3.3/lambdaj-2.3.3.jar:/Users/tapan.khimani/.m2/repository/org/hamcrest/hamcrest-all/1.1/hamcrest-all-1.1.jar:/Users/tapan.khimani/.m2/repository/cglib/cglib-nodep/2.2/cglib-nodep-2.2.jar:/Users/tapan.khimani/.m2/repository/org/assertj/assertj-core/3.12.2/assertj-core-3.12.2.jar:"/>
    <property name="java.vm.vendor" value="Oracle Corporation"/>
    <property name="sun.arch.data.model" value="64"/>
    <property name="java.vendor.url" value="https://java.oracle.com/"/>
    <property name="os.name" value="Mac OS X"/>
    <property name="java.vm.specification.version" value="13"/>
    <property name="sun.java.launcher" value="SUN_STANDARD"/>
    <property name="user.country" value="IN"/>
    <property name="taskID" value="MY_TEST_SCHEMA_1"/>
    <property name="sun.boot.library.path" value="/Library/Java/JavaVirtualMachines/jdk-13.0.1.jdk/Contents/Home/lib"/>
    <property name="sun.java.command" value="/Users/tapan.khimani/eclipse-workspace/Android/Serenity-Selenium-Demo/target/surefire/surefirebooter14280501372020420348.jar /Users/tapan.khimani/eclipse-workspace/Android/Serenity-Selenium-Demo/target/surefire 2021-11-17T18-54-28_637-jvmRun1 surefire10044020598931860171tmp surefire_07722777329467551766tmp"/>
    <property name="jdk.debug" value="release"/>
    <property name="surefire.test.class.path" value="/Users/tapan.khimani/eclipse-workspace/Android/Serenity-Selenium-Demo/target/test-classes:/Users/tapan.khimani/eclipse-workspace/Android/Serenity-Selenium-Demo/target/serenity-lambdatest-0.0.1-SNAPSHOT.jar:/Users/tapan.khimani/.m2/repository/org/eclipse/jetty/jetty-io/9.4.12.v20180830/jetty-io-9.4.12.v20180830.jar:/Users/tapan.khimani/.m2/repository/org/eclipse/jetty/jetty-util/9.4.12.v20180830/jetty-util-9.4.12.v20180830.jar:/Users/tapan.khimani/.m2/repository/net/serenity-bdd/serenity-core/2.0.48/serenity-core-2.0.48.jar:/Users/tapan.khimani/.m2/repository/net/bytebuddy/byte-buddy/1.9.12/byte-buddy-1.9.12.jar:/Users/tapan.khimani/.m2/repository/net/bytebuddy/byte-buddy-agent/1.9.12/byte-buddy-agent-1.9.12.jar:/Users/tapan.khimani/.m2/repository/com/google/guava/guava/25.0-jre/guava-25.0-jre.jar:/Users/tapan.khimani/.m2/repository/com/google/code/findbugs/jsr305/1.3.9/jsr305-1.3.9.jar:/Users/tapan.khimani/.m2/repository/org/checkerframework/checker-compat-qual/2.0.0/checker-compat-qual-2.0.0.jar:/Users/tapan.khimani/.m2/repository/com/google/errorprone/error_prone_annotations/2.1.3/error_prone_annotations-2.1.3.jar:/Users/tapan.khimani/.m2/repository/com/google/j2objc/j2objc-annotations/1.1/j2objc-annotations-1.1.jar:/Users/tapan.khimani/.m2/repository/org/codehaus/mojo/animal-sniffer-annotations/1.14/animal-sniffer-annotations-1.14.jar:/Users/tapan.khimani/.m2/repository/com/google/inject/guice/4.2.2/guice-4.2.2.jar:/Users/tapan.khimani/.m2/repository/javax/inject/javax.inject/1/javax.inject-1.jar:/Users/tapan.khimani/.m2/repository/aopalliance/aopalliance/1.0/aopalliance-1.0.jar:/Users/tapan.khimani/.m2/repository/cglib/cglib/3.2.5/cglib-3.2.5.jar:/Users/tapan.khimani/.m2/repository/org/ow2/asm/asm/5.0.3/asm-5.0.3.jar:/Users/tapan.khimani/.m2/repository/commons-codec/commons-codec/1.10/commons-codec-1.10.jar:/Users/tapan.khimani/.m2/repository/org/objenesis/objenesis/2.6/objenesis-2.6.jar:/Users/tapan.khimani/.m2/repository/org/slf4j/slf4j-api/1.7.25/slf4j-api-1.7.25.jar:/Users/tapan.khimani/.m2/repository/xml-apis/xml-apis/1.4.01/xml-apis-1.4.01.jar:/Users/tapan.khimani/.m2/repository/io/cucumber/cucumber-core/2.4.0/cucumber-core-2.4.0.jar:/Users/tapan.khimani/.m2/repository/info/cukes/cucumber-html/0.2.6/cucumber-html-0.2.6.jar:/Users/tapan.khimani/.m2/repository/io/cucumber/cucumber-jvm-deps/1.0.6/cucumber-jvm-deps-1.0.6.jar:/Users/tapan.khimani/.m2/repository/io/cucumber/gherkin/5.0.0/gherkin-5.0.0.jar:/Users/tapan.khimani/.m2/repository/io/cucumber/tag-expressions/1.1.1/tag-expressions-1.1.1.jar:/Users/tapan.khimani/.m2/repository/commons-logging/commons-logging/1.2/commons-logging-1.2.jar:/Users/tapan.khimani/.m2/repository/io/vavr/vavr/0.9.0/vavr-0.9.0.jar:/Users/tapan.khimani/.m2/repository/io/vavr/vavr-match/0.9.0/vavr-match-0.9.0.jar:/Users/tapan.khimani/.m2/repository/javax/xml/bind/jaxb-api/2.2.12/jaxb-api-2.2.12.jar:/Users/tapan.khimani/.m2/repository/com/sun/xml/bind/jaxb-core/2.3.0.1/jaxb-core-2.3.0.1.jar:/Users/tapan.khimani/.m2/repository/com/sun/xml/bind/jaxb-impl/2.3.0.1/jaxb-impl-2.3.0.1.jar:/Users/tapan.khimani/.m2/repository/javax/activation/activation/1.1.1/activation-1.1.1.jar:/Users/tapan.khimani/.m2/repository/org/mockito/mockito-core/2.25.0/mockito-core-2.25.0.jar:/Users/tapan.khimani/.m2/repository/net/serenity-bdd/serenity-report-resources/2.0.48/serenity-report-resources-2.0.48.jar:/Users/tapan.khimani/.m2/repository/net/serenity-bdd/serenity-model/2.0.48/serenity-model-2.0.48.jar:/Users/tapan.khimani/.m2/repository/commons-net/commons-net/3.6/commons-net-3.6.jar:/Users/tapan.khimani/.m2/repository/org/apache/commons/commons-text/1.6/commons-text-1.6.jar:/Users/tapan.khimani/.m2/repository/net/serenity-bdd/serenity-reports/2.0.48/serenity-reports-2.0.48.jar:/Users/tapan.khimani/.m2/repository/net/serenity-bdd/serenity-stats/2.0.48/serenity-stats-2.0.48.jar:/Users/tapan.khimani/.m2/repository/org/jetbrains/kotlin/kotlin-stdlib/1.2.51/kotlin-stdlib-1.2.51.jar:/Users/tapan.khimani/.m2/repository/org/jetbrains/kotlin/kotlin-stdlib-common/1.2.51/kotlin-stdlib-common-1.2.51.jar:/Users/tapan.khimani/.m2/repository/org/jetbrains/annotations/13.0/annotations-13.0.jar:/Users/tapan.khimani/.m2/repository/com/google/code/gson/gson/2.8.4/gson-2.8.4.jar:/Users/tapan.khimani/.m2/repository/commons-io/commons-io/2.6/commons-io-2.6.jar:/Users/tapan.khimani/.m2/repository/org/seleniumhq/selenium/selenium-server/3.141.59/selenium-server-3.141.59.jar:/Users/tapan.khimani/.m2/repository/org/seleniumhq/selenium/selenium-firefox-driver/3.141.59/selenium-firefox-driver-3.141.59.jar:/Users/tapan.khimani/.m2/repository/org/seleniumhq/selenium/selenium-ie-driver/3.141.59/selenium-ie-driver-3.141.59.jar:/Users/tapan.khimani/.m2/repository/com/beust/jcommander/1.72/jcommander-1.72.jar:/Users/tapan.khimani/.m2/repository/org/apache/commons/commons-exec/1.3/commons-exec-1.3.jar:/Users/tapan.khimani/.m2/repository/net/jcip/jcip-annotations/1.0/jcip-annotations-1.0.jar:/Users/tapan.khimani/.m2/repository/org/seleniumhq/selenium/jetty-repacked/9.4.12.v20180830/jetty-repacked-9.4.12.v20180830.jar:/Users/tapan.khimani/.m2/repository/com/squareup/okhttp3/okhttp/3.11.0/okhttp-3.11.0.jar:/Users/tapan.khimani/.m2/repository/com/squareup/okio/okio/1.14.0/okio-1.14.0.jar:/Users/tapan.khimani/.m2/repository/javax/servlet/javax.servlet-api/3.1.0/javax.servlet-api-3.1.0.jar:/Users/tapan.khimani/.m2/repository/org/yaml/snakeyaml/1.19/snakeyaml-1.19.jar:/Users/tapan.khimani/.m2/repository/org/seleniumhq/selenium/selenium-java/3.141.59/selenium-java-3.141.59.jar:/Users/tapan.khimani/.m2/repository/org/seleniumhq/selenium/selenium-api/3.141.59/selenium-api-3.141.59.jar:/Users/tapan.khimani/.m2/repository/org/seleniumhq/selenium/selenium-chrome-driver/3.141.59/selenium-chrome-driver-3.141.59.jar:/Users/tapan.khimani/.m2/repository/org/seleniumhq/selenium/selenium-edge-driver/3.141.59/selenium-edge-driver-3.141.59.jar:/Users/tapan.khimani/.m2/repository/org/seleniumhq/selenium/selenium-remote-driver/3.141.59/selenium-remote-driver-3.141.59.jar:/Users/tapan.khimani/.m2/repository/org/seleniumhq/selenium/selenium-safari-driver/3.141.59/selenium-safari-driver-3.141.59.jar:/Users/tapan.khimani/.m2/repository/org/seleniumhq/selenium/selenium-opera-driver/3.141.59/selenium-opera-driver-3.141.59.jar:/Users/tapan.khimani/.m2/repository/org/seleniumhq/selenium/selenium-support/3.141.59/selenium-support-3.141.59.jar:/Users/tapan.khimani/.m2/repository/com/paulhammant/ngwebdriver/1.1.4/ngwebdriver-1.1.4.jar:/Users/tapan.khimani/.m2/repository/com/codeborne/phantomjsdriver/1.4.4/phantomjsdriver-1.4.4.jar:/Users/tapan.khimani/.m2/repository/org/seleniumhq/selenium/htmlunit-driver/2.33.1/htmlunit-driver-2.33.1.jar:/Users/tapan.khimani/.m2/repository/io/appium/java-client/6.1.0/java-client-6.1.0.jar:/Users/tapan.khimani/.m2/repository/commons-validator/commons-validator/1.6/commons-validator-1.6.jar:/Users/tapan.khimani/.m2/repository/commons-beanutils/commons-beanutils/1.9.2/commons-beanutils-1.9.2.jar:/Users/tapan.khimani/.m2/repository/commons-digester/commons-digester/1.8.1/commons-digester-1.8.1.jar:/Users/tapan.khimani/.m2/repository/org/springframework/spring-context/5.0.5.RELEASE/spring-context-5.0.5.RELEASE.jar:/Users/tapan.khimani/.m2/repository/org/springframework/spring-aop/5.0.5.RELEASE/spring-aop-5.0.5.RELEASE.jar:/Users/tapan.khimani/.m2/repository/org/springframework/spring-beans/5.0.5.RELEASE/spring-beans-5.0.5.RELEASE.jar:/Users/tapan.khimani/.m2/repository/org/springframework/spring-core/5.0.5.RELEASE/spring-core-5.0.5.RELEASE.jar:/Users/tapan.khimani/.m2/repository/org/springframework/spring-jcl/5.0.5.RELEASE/spring-jcl-5.0.5.RELEASE.jar:/Users/tapan.khimani/.m2/repository/org/springframework/spring-expression/5.0.5.RELEASE/spring-expression-5.0.5.RELEASE.jar:/Users/tapan.khimani/.m2/repository/org/aspectj/aspectjweaver/1.9.1/aspectjweaver-1.9.1.jar:/Users/tapan.khimani/.m2/repository/org/openpnp/opencv/3.2.0-1/opencv-3.2.0-1.jar:/Users/tapan.khimani/.m2/repository/org/glassfish/tyrus/tyrus-core/1.13.1/tyrus-core-1.13.1.jar:/Users/tapan.khimani/.m2/repository/org/glassfish/tyrus/tyrus-spi/1.13.1/tyrus-spi-1.13.1.jar:/Users/tapan.khimani/.m2/repository/javax/websocket/javax.websocket-api/1.1/javax.websocket-api-1.1.jar:/Users/tapan.khimani/.m2/repository/org/codehaus/groovy/groovy/2.5.5/groovy-2.5.5.jar:/Users/tapan.khimani/.m2/repository/net/sf/opencsv/opencsv/2.0/opencsv-2.0.jar:/Users/tapan.khimani/.m2/repository/commons-beanutils/commons-beanutils-core/1.8.3/commons-beanutils-core-1.8.3.jar:/Users/tapan.khimani/.m2/repository/joda-time/joda-time/2.7/joda-time-2.7.jar:/Users/tapan.khimani/.m2/repository/com/thoughtworks/xstream/xstream/1.4.9/xstream-1.4.9.jar:/Users/tapan.khimani/.m2/repository/xmlpull/xmlpull/1.1.3.1/xmlpull-1.1.3.1.jar:/Users/tapan.khimani/.m2/repository/xpp3/xpp3_min/1.1.4c/xpp3_min-1.1.4c.jar:/Users/tapan.khimani/.m2/repository/org/apache/commons/commons-lang3/3.8.1/commons-lang3-3.8.1.jar:/Users/tapan.khimani/.m2/repository/commons-collections/commons-collections/3.2.2/commons-collections-3.2.2.jar:/Users/tapan.khimani/.m2/repository/org/freemarker/freemarker/2.3.28/freemarker-2.3.28.jar:/Users/tapan.khimani/.m2/repository/net/sourceforge/jexcelapi/jxl/2.6.12/jxl-2.6.12.jar:/Users/tapan.khimani/.m2/repository/org/hamcrest/hamcrest-core/1.3/hamcrest-core-1.3.jar:/Users/tapan.khimani/.m2/repository/org/hamcrest/hamcrest-library/1.3/hamcrest-library-1.3.jar:/Users/tapan.khimani/.m2/repository/net/sourceforge/htmlunit/htmlunit/2.33/htmlunit-2.33.jar:/Users/tapan.khimani/.m2/repository/net/sourceforge/htmlunit/htmlunit-core-js/2.33/htmlunit-core-js-2.33.jar:/Users/tapan.khimani/.m2/repository/net/sourceforge/htmlunit/neko-htmlunit/2.33/neko-htmlunit-2.33.jar:/Users/tapan.khimani/.m2/repository/xerces/xercesImpl/2.12.0/xercesImpl-2.12.0.jar:/Users/tapan.khimani/.m2/repository/net/sourceforge/htmlunit/htmlunit-cssparser/1.2.0/htmlunit-cssparser-1.2.0.jar:/Users/tapan.khimani/.m2/repository/org/eclipse/jetty/websocket/websocket-client/9.4.12.v20180830/websocket-client-9.4.12.v20180830.jar:/Users/tapan.khimani/.m2/repository/org/eclipse/jetty/jetty-client/9.4.12.v20180830/jetty-client-9.4.12.v20180830.jar:/Users/tapan.khimani/.m2/repository/org/eclipse/jetty/jetty-http/9.4.12.v20180830/jetty-http-9.4.12.v20180830.jar:/Users/tapan.khimani/.m2/repository/org/eclipse/jetty/jetty-xml/9.4.12.v20180830/jetty-xml-9.4.12.v20180830.jar:/Users/tapan.khimani/.m2/repository/org/eclipse/jetty/websocket/websocket-common/9.4.12.v20180830/websocket-common-9.4.12.v20180830.jar:/Users/tapan.khimani/.m2/repository/org/eclipse/jetty/websocket/websocket-api/9.4.12.v20180830/websocket-api-9.4.12.v20180830.jar:/Users/tapan.khimani/.m2/repository/org/apache/httpcomponents/httpclient/4.5.5/httpclient-4.5.5.jar:/Users/tapan.khimani/.m2/repository/org/apache/httpcomponents/httpcore/4.4.9/httpcore-4.4.9.jar:/Users/tapan.khimani/.m2/repository/org/apache/httpcomponents/httpmime/4.5.5/httpmime-4.5.5.jar:/Users/tapan.khimani/.m2/repository/org/fluentlenium/fluentlenium-core/0.10.2/fluentlenium-core-0.10.2.jar:/Users/tapan.khimani/.m2/repository/com/jhlabs/filters/2.0.235/filters-2.0.235.jar:/Users/tapan.khimani/.m2/repository/org/asciidoctor/asciidoctorj/1.5.6/asciidoctorj-1.5.6.jar:/Users/tapan.khimani/.m2/repository/org/jruby/jruby-complete/1.7.26/jruby-complete-1.7.26.jar:/Users/tapan.khimani/.m2/repository/org/imgscalr/imgscalr-lib/4.2/imgscalr-lib-4.2.jar:/Users/tapan.khimani/.m2/repository/javax/el/javax.el-api/2.2.4/javax.el-api-2.2.4.jar:/Users/tapan.khimani/.m2/repository/org/glassfish/web/javax.el/2.2.4/javax.el-2.2.4.jar:/Users/tapan.khimani/.m2/repository/xalan/xalan/2.7.2/xalan-2.7.2.jar:/Users/tapan.khimani/.m2/repository/xalan/serializer/2.7.2/serializer-2.7.2.jar:/Users/tapan.khimani/.m2/repository/org/awaitility/awaitility/3.1.0/awaitility-3.1.0.jar:/Users/tapan.khimani/.m2/repository/com/typesafe/config/1.3.1/config-1.3.1.jar:/Users/tapan.khimani/.m2/repository/org/jsoup/jsoup/1.10.3/jsoup-1.10.3.jar:/Users/tapan.khimani/.m2/repository/com/google/jimfs/jimfs/1.1/jimfs-1.1.jar:/Users/tapan.khimani/.m2/repository/es/nitaur/markdown/txtmark/0.16/txtmark-0.16.jar:/Users/tapan.khimani/.m2/repository/com/vladsch/flexmark/flexmark-all/0.34.30/flexmark-all-0.34.30.jar:/Users/tapan.khimani/.m2/repository/com/vladsch/flexmark/flexmark/0.34.30/flexmark-0.34.30.jar:/Users/tapan.khimani/.m2/repository/com/vladsch/flexmark/flexmark-ext-abbreviation/0.34.30/flexmark-ext-abbreviation-0.34.30.jar:/Users/tapan.khimani/.m2/repository/com/vladsch/flexmark/flexmark-ext-admonition/0.34.30/flexmark-ext-admonition-0.34.30.jar:/Users/tapan.khimani/.m2/repository/com/vladsch/flexmark/flexmark-ext-anchorlink/0.34.30/flexmark-ext-anchorlink-0.34.30.jar:/Users/tapan.khimani/.m2/repository/com/vladsch/flexmark/flexmark-ext-aside/0.34.30/flexmark-ext-aside-0.34.30.jar:/Users/tapan.khimani/.m2/repository/com/vladsch/flexmark/flexmark-ext-attributes/0.34.30/flexmark-ext-attributes-0.34.30.jar:/Users/tapan.khimani/.m2/repository/com/vladsch/flexmark/flexmark-ext-autolink/0.34.30/flexmark-ext-autolink-0.34.30.jar:/Users/tapan.khimani/.m2/repository/org/nibor/autolink/autolink/0.6.0/autolink-0.6.0.jar:/Users/tapan.khimani/.m2/repository/com/vladsch/flexmark/flexmark-ext-definition/0.34.30/flexmark-ext-definition-0.34.30.jar:/Users/tapan.khimani/.m2/repository/com/vladsch/flexmark/flexmark-ext-emoji/0.34.30/flexmark-ext-emoji-0.34.30.jar:/Users/tapan.khimani/.m2/repository/com/vladsch/flexmark/flexmark-ext-enumerated-reference/0.34.30/flexmark-ext-enumerated-reference-0.34.30.jar:/Users/tapan.khimani/.m2/repository/com/vladsch/flexmark/flexmark-ext-escaped-character/0.34.30/flexmark-ext-escaped-character-0.34.30.jar:/Users/tapan.khimani/.m2/repository/com/vladsch/flexmark/flexmark-ext-footnotes/0.34.30/flexmark-ext-footnotes-0.34.30.jar:/Users/tapan.khimani/.m2/repository/com/vladsch/flexmark/flexmark-ext-gfm-issues/0.34.30/flexmark-ext-gfm-issues-0.34.30.jar:/Users/tapan.khimani/.m2/repository/com/vladsch/flexmark/flexmark-ext-gfm-strikethrough/0.34.30/flexmark-ext-gfm-strikethrough-0.34.30.jar:/Users/tapan.khimani/.m2/repository/com/vladsch/flexmark/flexmark-ext-gfm-tables/0.34.30/flexmark-ext-gfm-tables-0.34.30.jar:/Users/tapan.khimani/.m2/repository/com/vladsch/flexmark/flexmark-ext-gfm-tasklist/0.34.30/flexmark-ext-gfm-tasklist-0.34.30.jar:/Users/tapan.khimani/.m2/repository/com/vladsch/flexmark/flexmark-ext-gfm-users/0.34.30/flexmark-ext-gfm-users-0.34.30.jar:/Users/tapan.khimani/.m2/repository/com/vladsch/flexmark/flexmark-ext-gitlab/0.34.30/flexmark-ext-gitlab-0.34.30.jar:/Users/tapan.khimani/.m2/repository/com/vladsch/flexmark/flexmark-ext-jekyll-front-matter/0.34.30/flexmark-ext-jekyll-front-matter-0.34.30.jar:/Users/tapan.khimani/.m2/repository/com/vladsch/flexmark/flexmark-ext-jekyll-tag/0.34.30/flexmark-ext-jekyll-tag-0.34.30.jar:/Users/tapan.khimani/.m2/repository/com/vladsch/flexmark/flexmark-ext-media-tags/0.34.30/flexmark-ext-media-tags-0.34.30.jar:/Users/tapan.khimani/.m2/repository/com/vladsch/flexmark/flexmark-test-util/0.34.30/flexmark-test-util-0.34.30.jar:/Users/tapan.khimani/.m2/repository/com/vladsch/flexmark/flexmark-ext-ins/0.34.30/flexmark-ext-ins-0.34.30.jar:/Users/tapan.khimani/.m2/repository/com/vladsch/flexmark/flexmark-ext-xwiki-macros/0.34.30/flexmark-ext-xwiki-macros-0.34.30.jar:/Users/tapan.khimani/.m2/repository/com/vladsch/flexmark/flexmark-ext-superscript/0.34.30/flexmark-ext-superscript-0.34.30.jar:/Users/tapan.khimani/.m2/repository/com/vladsch/flexmark/flexmark-ext-tables/0.34.30/flexmark-ext-tables-0.34.30.jar:/Users/tapan.khimani/.m2/repository/com/vladsch/flexmark/flexmark-ext-toc/0.34.30/flexmark-ext-toc-0.34.30.jar:/Users/tapan.khimani/.m2/repository/com/vladsch/flexmark/flexmark-ext-typographic/0.34.30/flexmark-ext-typographic-0.34.30.jar:/Users/tapan.khimani/.m2/repository/com/vladsch/flexmark/flexmark-ext-wikilink/0.34.30/flexmark-ext-wikilink-0.34.30.jar:/Users/tapan.khimani/.m2/repository/com/vladsch/flexmark/flexmark-ext-yaml-front-matter/0.34.30/flexmark-ext-yaml-front-matter-0.34.30.jar:/Users/tapan.khimani/.m2/repository/com/vladsch/flexmark/flexmark-ext-youtube-embedded/0.34.30/flexmark-ext-youtube-embedded-0.34.30.jar:/Users/tapan.khimani/.m2/repository/com/vladsch/flexmark/flexmark-formatter/0.34.30/flexmark-formatter-0.34.30.jar:/Users/tapan.khimani/.m2/repository/com/vladsch/flexmark/flexmark-html-parser/0.34.30/flexmark-html-parser-0.34.30.jar:/Users/tapan.khimani/.m2/repository/com/vladsch/flexmark/flexmark-jira-converter/0.34.30/flexmark-jira-converter-0.34.30.jar:/Users/tapan.khimani/.m2/repository/com/vladsch/flexmark/flexmark-pdf-converter/0.34.30/flexmark-pdf-converter-0.34.30.jar:/Users/tapan.khimani/.m2/repository/com/openhtmltopdf/openhtmltopdf-core/0.0.1-RC13/openhtmltopdf-core-0.0.1-RC13.jar:/Users/tapan.khimani/.m2/repository/com/openhtmltopdf/openhtmltopdf-pdfbox/0.0.1-RC13/openhtmltopdf-pdfbox-0.0.1-RC13.jar:/Users/tapan.khimani/.m2/repository/org/apache/pdfbox/pdfbox/2.0.8/pdfbox-2.0.8.jar:/Users/tapan.khimani/.m2/repository/org/apache/pdfbox/fontbox/2.0.8/fontbox-2.0.8.jar:/Users/tapan.khimani/.m2/repository/org/apache/pdfbox/xmpbox/2.0.8/xmpbox-2.0.8.jar:/Users/tapan.khimani/.m2/repository/de/rototor/pdfbox/graphics2d/0.12/graphics2d-0.12.jar:/Users/tapan.khimani/.m2/repository/com/openhtmltopdf/openhtmltopdf-rtl-support/0.0.1-RC13/openhtmltopdf-rtl-support-0.0.1-RC13.jar:/Users/tapan.khimani/.m2/repository/com/ibm/icu/icu4j/59.1/icu4j-59.1.jar:/Users/tapan.khimani/.m2/repository/com/openhtmltopdf/openhtmltopdf-jsoup-dom-converter/0.0.1-RC13/openhtmltopdf-jsoup-dom-converter-0.0.1-RC13.jar:/Users/tapan.khimani/.m2/repository/com/vladsch/flexmark/flexmark-profile-pegdown/0.34.30/flexmark-profile-pegdown-0.34.30.jar:/Users/tapan.khimani/.m2/repository/com/vladsch/flexmark/flexmark-util/0.34.30/flexmark-util-0.34.30.jar:/Users/tapan.khimani/.m2/repository/com/vladsch/flexmark/flexmark-youtrack-converter/0.34.30/flexmark-youtrack-converter-0.34.30.jar:/Users/tapan.khimani/.m2/repository/net/serenity-bdd/serenity-junit/2.0.48/serenity-junit-2.0.48.jar:/Users/tapan.khimani/.m2/repository/net/serenity-bdd/serenity-rest-assured/2.0.48/serenity-rest-assured-2.0.48.jar:/Users/tapan.khimani/.m2/repository/io/rest-assured/rest-assured/3.3.0/rest-assured-3.3.0.jar:/Users/tapan.khimani/.m2/repository/org/ccil/cowan/tagsoup/tagsoup/1.2.1/tagsoup-1.2.1.jar:/Users/tapan.khimani/.m2/repository/io/rest-assured/json-path/3.3.0/json-path-3.3.0.jar:/Users/tapan.khimani/.m2/repository/io/rest-assured/rest-assured-common/3.3.0/rest-assured-common-3.3.0.jar:/Users/tapan.khimani/.m2/repository/io/rest-assured/xml-path/3.3.0/xml-path-3.3.0.jar:/Users/tapan.khimani/.m2/repository/com/sun/xml/bind/jaxb-osgi/2.2.10/jaxb-osgi-2.2.10.jar:/Users/tapan.khimani/.m2/repository/org/apache/sling/org.apache.sling.javax.activation/0.1.0/org.apache.sling.javax.activation-0.1.0.jar:/Users/tapan.khimani/.m2/repository/org/codehaus/groovy/groovy-xml/2.5.5/groovy-xml-2.5.5.jar:/Users/tapan.khimani/.m2/repository/org/codehaus/groovy/groovy-json/2.5.5/groovy-json-2.5.5.jar:/Users/tapan.khimani/.m2/repository/net/serenity-bdd/serenity-cucumber/1.9.37/serenity-cucumber-1.9.37.jar:/Users/tapan.khimani/.m2/repository/net/serenity-bdd/serenity-screenplay/2.0.48/serenity-screenplay-2.0.48.jar:/Users/tapan.khimani/.m2/repository/uk/com/robust-it/cloning/1.9.10/cloning-1.9.10.jar:/Users/tapan.khimani/.m2/repository/net/serenity-bdd/serenity-screenplay-webdriver/2.0.48/serenity-screenplay-webdriver-2.0.48.jar:/Users/tapan.khimani/.m2/repository/io/cucumber/cucumber-java/2.4.0/cucumber-java-2.4.0.jar:/Users/tapan.khimani/.m2/repository/io/cucumber/cucumber-junit/2.4.0/cucumber-junit-2.4.0.jar:/Users/tapan.khimani/.m2/repository/org/apache/commons/commons-csv/1.5/commons-csv-1.5.jar:/Users/tapan.khimani/.m2/repository/org/slf4j/slf4j-simple/1.6.1/slf4j-simple-1.6.1.jar:/Users/tapan.khimani/.m2/repository/org/codehaus/groovy/groovy-all/1.8.6/groovy-all-1.8.6.jar:/Users/tapan.khimani/.m2/repository/junit/junit/4.12/junit-4.12.jar:/Users/tapan.khimani/.m2/repository/com/googlecode/lambdaj/lambdaj/2.3.3/lambdaj-2.3.3.jar:/Users/tapan.khimani/.m2/repository/org/hamcrest/hamcrest-all/1.1/hamcrest-all-1.1.jar:/Users/tapan.khimani/.m2/repository/cglib/cglib-nodep/2.2/cglib-nodep-2.2.jar:/Users/tapan.khimani/.m2/repository/org/assertj/assertj-core/3.12.2/assertj-core-3.12.2.jar:"/>
    <property name="sun.cpu.endian" value="little"/>
    <property name="user.home" value="/Users/tapan.khimani"/>
    <property name="user.language" value="en"/>
    <property name="java.specification.vendor" value="Oracle Corporation"/>
    <property name="java.version.date" value="2019-10-15"/>
    <property name="java.home" value="/Library/Java/JavaVirtualMachines/jdk-13.0.1.jdk/Contents/Home"/>
    <property name="file.separator" value="/"/>
    <property name="basedir" value="/Users/tapan.khimani/eclipse-workspace/Android/Serenity-Selenium-Demo"/>
    <property name="java.vm.compressedOopsMode" value="Zero based"/>
    <property name="line.separator" value="&#10;"/>
    <property name="java.vm.specification.vendor" value="Oracle Corporation"/>
    <property name="java.specification.name" value="Java Platform API Specification"/>
    <property name="surefire.real.class.path" value="/Users/tapan.khimani/eclipse-workspace/Android/Serenity-Selenium-Demo/target/surefire/surefirebooter14280501372020420348.jar"/>
    <property name="sun.management.compiler" value="HotSpot 64-Bit Tiered Compilers"/>
    <property name="java.runtime.version" value="13.0.1+9"/>
    <property name="user.name" value="tapan.khimani"/>
    <property name="path.separator" value=":"/>
    <property name="os.version" value="10.15"/>
    <property name="java.runtime.name" value="Java(TM) SE Runtime Environment"/>
    <property name="file.encoding" value="UTF-8"/>
    <property name="java.vm.name" value="Java HotSpot(TM) 64-Bit Server VM"/>
    <property name="localRepository" value="/Users/tapan.khimani/.m2/repository"/>
    <property name="java.vendor.url.bug" value="https://bugreport.java.com/bugreport/"/>
    <property name="java.io.tmpdir" value="/var/folders/rl/jxb4wx2n22d1cs7cw57bq9wm0000gp/T/"/>
    <property name="java.version" value="13.0.1"/>
    <property name="user.dir" value="/Users/tapan.khimani/eclipse-workspace/Android/Serenity-Selenium-Demo"/>
    <property name="os.arch" value="x86_64"/>
    <property name="java.vm.specification.name" value="Java Virtual Machine Specification"/>
    <property name="environment" value="single"/>
    <property name="java.library.path" value="/Users/tapan.khimani/Library/Java/Extensions:/Library/Java/Extensions:/Network/Library/Java/Extensions:/System/Library/Java/Extensions:/usr/lib/java:."/>
    <property name="java.vm.info" value="mixed mode, sharing"/>
    <property name="java.vendor" value="Oracle Corporation"/>
    <property name="java.vm.version" value="13.0.1+9"/>
    <property name="sun.io.unicode.encoding" value="UnicodeBig"/>
    <property name="java.class.version" value="57.0"/>
  </properties>
  <testcase name="user wants to check the checkbox" classname="Lambda Test Scenarios" time="34.256"/>
  <testcase name="user wants to select Radio Button" classname="Lambda Test Scenarios" time="35.38"/>
  <testcase name="user wants to fill form" classname="Lambda Test Scenarios" time="34.157"/>
  <testcase name="user wants to select Dates from a DatePicker" classname="Lambda Test Scenarios" time="48.23"/>
  <testcase name="user wants to select number of rows and set pagination" classname="Lambda Test Scenarios" time="32.215"/>
  <testcase name="user wants to search the value from number of records and wants to perform sorting" classname="Lambda Test Scenarios" time="43.071"/>
  <testcase name="user wants to download" classname="Lambda Test Scenarios" time="45.079"/>
  <testcase name="user wants to work with bootstap modals" classname="Lambda Test Scenarios" time="37.597"/>
  <testcase name="user wants to download file with set text" classname="Lambda Test Scenarios" time="35.573"/>
  <testcase name="user wants to move values from left table to right or vice-versa BootStrap" classname="Lambda Test Scenarios" time="31.949">
    <error message="Expected enabled element was not enabled" type="net.thucydides.core.webdriver.exceptions.ElementShouldBeEnabledException">net.thucydides.core.webdriver.exceptions.ElementShouldBeEnabledException: Expected enabled element was not enabled
Caused by: org.openqa.selenium.TimeoutException: Expected condition failed: waiting for lambdaTestDemo_bootStrapListBox.value3 to be enabled (tried for 5 second(s) with 100 milliseconds interval)
Caused by: org.openqa.selenium.NoSuchElementException: 
Timed out after 5 seconds. Element not found
For documentation on this error, please visit: https://www.seleniumhq.org/exceptions/no_such_element.html
Build info: version: '3.141.59', revision: 'e82be7d358', time: '2018-11-14T08:17:03'
System info: host: 'TapanKNew.local', ip: '127.0.0.1', os.name: 'Mac OS X', os.arch: 'x86_64', os.version: '10.15', java.version: '13.0.1'
Driver info: driver.version: unknown
</error>
    <system-out><![CDATA[Successfully Navigated to Lambda Test Demo URL



]]></system-out>
    <system-err><![CDATA[346541 [main] INFO net.thucydides.core.steps.ConsoleLoggingListener - 
 _____ _____ ____ _____   ____ _____  _    ____ _____ _____ ____  
|_   _| ____/ ___|_   _| / ___|_   _|/ \  |  _ \_   _| ____|  _ \ 
  | | |  _| \___ \ | |   \___ \ | | / _ \ | |_) || | |  _| | | | |
  | | | |___ ___) || |    ___) || |/ ___ \|  _ < | | | |___| |_| |
  |_| |_____|____/ |_|   |____/ |_/_/   \_\_| \_\|_| |_____|____/ 
                                                                  

TEST STARTED: user wants to move values from left table to right or vice-versa BootStrap
-------------------------------------------------------------------(lambda-test-scenarios;user-wants-to-move-values-from-left-table-to-right-or-vice-versa-bootstrap)
Nov 17, 2021 7:00:20 PM org.openqa.selenium.remote.ProtocolHandshake createSession
INFO: Detected dialect: W3C
378421 [main] ERROR net.thucydides.core.steps.ConsoleLoggingListener - 
           __  _____ _____ ____ _____   _____ _    ___ _     _____ ____  
  _       / / |_   _| ____/ ___|_   _| |  ___/ \  |_ _| |   | ____|  _ \ 
 (_)_____| |    | | |  _| \___ \ | |   | |_ / _ \  | || |   |  _| | | | |
  _|_____| |    | | | |___ ___) || |   |  _/ ___ \ | || |___| |___| |_| |
 (_)     | |    |_| |_____|____/ |_|   |_|/_/   \_\___|_____|_____|____/ 
          \_\                                                            

TEST FAILED: user wants to move values from left table to right or vice-versa BootStrap
--------------------------------------------------------------------------
378486 [main] ERROR net.thucydides.core.steps.ConsoleLoggingListener - TEST FAILED AT STEP And user select values that need to move
378486 [main] ERROR net.thucydides.core.steps.ConsoleLoggingListener - Expected enabled element was not enabledBuild info: version: '3.141.59', revision: 'e82be7d358', time: '2018-11-14T08:17:03'System info: host: 'TapanKNew.local', ip: '127.0.0.1', os.name: 'Mac OS X', os.arch: 'x86_64', os.version: '10.15', java.version: '13.0.1'Driver info: driver.version: unknown
]]></system-err>
  </testcase>
  <testcase name="user wants to move values from left table to right or vice-versa JQuery" classname="Lambda Test Scenarios" time="65.049"/>
</testsuite>